[debug] [2023-08-31T23:56:51.551Z] ----------------------------------------------------------------------
[debug] [2023-08-31T23:56:51.554Z] Command:       C:\Program Files\nodejs\node.exe C:\Users\maryr\AppData\Roaming\npm\node_modules\firebase-tools\lib\bin\firebase.js init
[debug] [2023-08-31T23:56:51.554Z] CLI Version:   12.5.2
[debug] [2023-08-31T23:56:51.555Z] Platform:      win32
[debug] [2023-08-31T23:56:51.555Z] Node Version:  v18.9.1
[debug] [2023-08-31T23:56:51.556Z] Time:          Thu Aug 31 2023 18:56:51 GMT-0500 (Central Daylight Time)
[debug] [2023-08-31T23:56:51.556Z] ----------------------------------------------------------------------
[debug] 
[debug] [2023-08-31T23:56:51.571Z] > command requires scopes: ["email","openid","https://www.googleapis.com/auth/cloudplatformprojects.readonly","https://www.googleapis.com/auth/firebase","https://www.googleapis.com/auth/cloud-platform"]
[debug] [2023-08-31T23:56:51.573Z] > authorizing via signed-in user (maryadelereagan@gmail.com)
[info] 
     ######## #### ########  ######## ########     ###     ######  ########
     ##        ##  ##     ## ##       ##     ##  ##   ##  ##       ##
     ######    ##  ########  ######   ########  #########  ######  ######
     ##        ##  ##    ##  ##       ##     ## ##     ##       ## ##
     ##       #### ##     ## ######## ########  ##     ##  ######  ########

You're about to initialize a Firebase project in this directory:

  C:\Users\maryr\Documents\code\personal\yourewelcomepottery\yourewelcomepottery-server

[info] 
=== Project Setup
[info] 
[info] First, let's associate this project directory with a Firebase project.
[info] You can create multiple project aliases by running firebase use --add, 
[info] but for now we'll just set up a default project.
[info] 
[info] i  If you want to create a project in a Google Cloud organization or folder, please use "firebase projects:create" instead, and return to this command when you've created the project. 
[debug] [2023-09-01T00:00:50.777Z] ----------------------------------------------------------------------
[debug] [2023-09-01T00:00:50.782Z] Command:       C:\Program Files\nodejs\node.exe C:\Users\maryr\AppData\Roaming\npm\node_modules\firebase-tools\lib\bin\firebase.js init
[debug] [2023-09-01T00:00:50.783Z] CLI Version:   12.5.2
[debug] [2023-09-01T00:00:50.784Z] Platform:      win32
[debug] [2023-09-01T00:00:50.784Z] Node Version:  v18.9.1
[debug] [2023-09-01T00:00:50.786Z] Time:          Thu Aug 31 2023 19:00:50 GMT-0500 (Central Daylight Time)
[debug] [2023-09-01T00:00:50.786Z] ----------------------------------------------------------------------
[debug] 
[debug] [2023-09-01T00:00:50.825Z] > command requires scopes: ["email","openid","https://www.googleapis.com/auth/cloudplatformprojects.readonly","https://www.googleapis.com/auth/firebase","https://www.googleapis.com/auth/cloud-platform"]
[debug] [2023-09-01T00:00:50.836Z] > authorizing via signed-in user (maryadelereagan@gmail.com)
[info] 
     ######## #### ########  ######## ########     ###     ######  ########
     ##        ##  ##     ## ##       ##     ##  ##   ##  ##       ##
     ######    ##  ########  ######   ########  #########  ######  ######
     ##        ##  ##    ##  ##       ##     ## ##     ##       ## ##
     ##       #### ##     ## ######## ########  ##     ##  ######  ########

You're about to initialize a Firebase project in this directory:

  C:\Users\maryr\Documents\code\personal\yourewelcomepottery\yourewelcomepottery-server

[info] 
=== Project Setup
[info] 
[info] First, let's associate this project directory with a Firebase project.
[info] You can create multiple project aliases by running firebase use --add, 
[info] but for now we'll just set up a default project.
[info] 
[debug] [2023-09-01T00:01:01.974Z] >>> [apiv2][query] GET https://firebase.googleapis.com/v1beta1/projects pageSize=100
[debug] [2023-09-01T00:01:02.794Z] <<< [apiv2][status] GET https://firebase.googleapis.com/v1beta1/projects 200
[debug] [2023-09-01T00:01:02.794Z] <<< [apiv2][body] GET https://firebase.googleapis.com/v1beta1/projects [omitted]
[info] i  Using project you-re-welcome-pottery (You're Welcome Pottery) 
[info] 
=== Hosting Setup
[info] 
[info] Your public directory is the folder (relative to your project directory) that
[info] will contain Hosting assets to be uploaded with firebase deploy. If you
[info] have a build process for your assets, use your build's output directory.
[info] 
